\BOOKMARK [0][-]{chapter.1}{\376\377\122\115\212\000}{}% 1
\BOOKMARK [0][-]{chapter.2}{\376\377\127\372\170\100\167\345\213\306}{}% 2
\BOOKMARK [1][-]{section.2.1}{\376\377\122\035\173\111\145\160\213\272}{chapter.2}% 3
\BOOKMARK [2][-]{subsection.2.1.1}{\376\377\145\164\226\144\116\016\147\000\131\047\121\154\176\246\145\160}{section.2.1}% 4
\BOOKMARK [2][-]{subsection.2.1.2}{\376\377\116\214\121\103\116\000\153\041\116\015\133\232\145\271\172\013\116\016\142\151\134\125\153\047\121\340\221\314\137\227\173\227\154\325}{section.2.1}% 5
\BOOKMARK [2][-]{subsection.2.1.3}{\376\377\215\050\145\160\060\001\124\014\117\131\116\016\175\040\140\047\155\113\213\325}{section.2.1}% 6
\BOOKMARK [2][-]{subsection.2.1.4}{\376\377\124\014\117\131\137\017\116\016\133\131\133\120\133\232\164\006}{section.2.1}% 7
\BOOKMARK [1][-]{section.2.2}{\376\377\176\277\140\047\116\343\145\160}{chapter.2}% 8
\BOOKMARK [2][-]{subsection.2.2.1}{\376\377\167\351\226\065\116\016\210\114\122\027\137\017}{section.2.2}% 9
\BOOKMARK [2][-]{subsection.2.2.2}{\376\377\176\277\140\047\123\330\143\142}{section.2.2}% 10
\BOOKMARK [2][-]{subsection.2.2.3}{\376\377\124\021\221\317\172\172\225\364}{section.2.2}% 11
\BOOKMARK [1][-]{section.2.3}{\376\377\142\275\214\141\116\343\145\160}{chapter.2}% 12
\BOOKMARK [2][-]{subsection.2.3.1}{\376\377\226\306\124\010}{section.2.3}% 13
\BOOKMARK [2][-]{subsection.2.3.2}{\376\377\116\343\145\160\174\373\176\337}{section.2.3}% 14
\BOOKMARK [2][-]{subsection.2.3.3}{\376\377\177\244}{section.2.3}% 15
\BOOKMARK [2][-]{subsection.2.3.4}{\376\377\163\257}{section.2.3}% 16
\BOOKMARK [2][-]{subsection.2.3.5}{\376\377\127\337}{section.2.3}% 17
\BOOKMARK [2][-]{subsection.2.3.6}{\376\377\150\074}{section.2.3}% 18
\BOOKMARK [0][-]{chapter.3}{\376\377\133\371\171\360\133\306\170\001}{}% 19
\BOOKMARK [1][-]{section.3.1}{\376\377\155\101\133\306\170\001}{chapter.3}% 20
\BOOKMARK [1][-]{section.3.2}{\376\377\122\006\176\304\133\306\170\001}{chapter.3}% 21
\BOOKMARK [0][-]{chapter.4}{\376\377\227\136\133\371\171\360\133\306\170\001}{}% 22
\BOOKMARK [1][-]{section.4.1}{\376\377\000R\000S\000A}{chapter.4}% 23
\BOOKMARK [2][-]{subsection.4.1.1}{\376\377\166\364\143\245\122\006\211\343\152\041\145\160\000n}{section.4.1}% 24
